The system is: Darwin - 19.6.0 - x86_64
Compiling the OBJC compiler identification source file "CMakeOBJCCompilerId.m" succeeded.
Compiler: /Volumes/git/XcodeVersions/Xcode.app/Contents/Developer/Toolchains/XcodeDefault.xctoolchain/usr/bin/clang 
Build flags: 
Id flags:  

The output was:
0


Compilation of the OBJC compiler identification source "CMakeOBJCCompilerId.m" produced "a.out"

The OBJC compiler identification is AppleClang, found in "/Users/git/qtwebview/CMakeFiles/CheckOBJC/CMakeFiles/3.25.0/CompilerIdOBJC/a.out"

Detecting OBJC compiler ABI info compiled with the following output:
Change Dir: /Users/git/qtwebview/CMakeFiles/CheckOBJC/CMakeFiles/CMakeScratch/TryCompile-EX8zgL

Run Build Command(s):/usr/bin/make -f Makefile cmTC_086a9/fast && /Volumes/git/XcodeVersions/Xcode.app/Contents/Developer/usr/bin/make  -f CMakeFiles/cmTC_086a9.dir/build.make CMakeFiles/cmTC_086a9.dir/build
Building OBJC object CMakeFiles/cmTC_086a9.dir/CMakeOBJCCompilerABI.m.o
/Volumes/git/XcodeVersions/Xcode.app/Contents/Developer/Toolchains/XcodeDefault.xctoolchain/usr/bin/clang   -x objective-c -isysroot /Volumes/git/XcodeVersions/Xcode.app/Contents/Developer/Platforms/MacOSX.platform/Developer/SDKs/MacOSX11.1.sdk -mmacosx-version-min=10.15   -v -Wl,-v -MD -MT CMakeFiles/cmTC_086a9.dir/CMakeOBJCCompilerABI.m.o -MF CMakeFiles/cmTC_086a9.dir/CMakeOBJCCompilerABI.m.o.d -o CMakeFiles/cmTC_086a9.dir/CMakeOBJCCompilerABI.m.o -c /usr/local/Cellar/cmake/3.25.0/share/cmake/Modules/CMakeOBJCCompilerABI.m
Apple clang version 12.0.0 (clang-1200.0.32.28)
Target: x86_64-apple-darwin19.6.0
Thread model: posix
InstalledDir: /Volumes/git/XcodeVersions/Xcode.app/Contents/Developer/Toolchains/XcodeDefault.xctoolchain/usr/bin
clang: warning: -Wl,-v: 'linker' input unused [-Wunused-command-line-argument]
 "/Volumes/git/XcodeVersions/Xcode.app/Contents/Developer/Toolchains/XcodeDefault.xctoolchain/usr/bin/clang" -cc1 -triple x86_64-apple-macosx10.15.0 -Wdeprecated-objc-isa-usage -Werror=deprecated-objc-isa-usage -Werror=implicit-function-declaration -emit-obj -mrelax-all -disable-free -disable-llvm-verifier -discard-value-names -main-file-name CMakeOBJCCompilerABI.m -mrelocation-model pic -pic-level 2 -mthread-model posix -mframe-pointer=all -fno-strict-return -masm-verbose -munwind-tables -target-sdk-version=11.1 -target-cpu penryn -dwarf-column-info -debugger-tuning=lldb -target-linker-version 609.8 -v -resource-dir /Volumes/git/XcodeVersions/Xcode.app/Contents/Developer/Toolchains/XcodeDefault.xctoolchain/usr/lib/clang/12.0.0 -dependency-file CMakeFiles/cmTC_086a9.dir/CMakeOBJCCompilerABI.m.o.d -skip-unused-modulemap-deps -MT CMakeFiles/cmTC_086a9.dir/CMakeOBJCCompilerABI.m.o -sys-header-deps -isysroot /Volumes/git/XcodeVersions/Xcode.app/Contents/Developer/Platforms/MacOSX.platform/Developer/SDKs/MacOSX11.1.sdk -internal-isystem /Volumes/git/XcodeVersions/Xcode.app/Contents/Developer/Platforms/MacOSX.platform/Developer/SDKs/MacOSX11.1.sdk/usr/local/include -internal-isystem /Volumes/git/XcodeVersions/Xcode.app/Contents/Developer/Toolchains/XcodeDefault.xctoolchain/usr/lib/clang/12.0.0/include -internal-externc-isystem /Volumes/git/XcodeVersions/Xcode.app/Contents/Developer/Platforms/MacOSX.platform/Developer/SDKs/MacOSX11.1.sdk/usr/include -internal-externc-isystem /Volumes/git/XcodeVersions/Xcode.app/Contents/Developer/Toolchains/XcodeDefault.xctoolchain/usr/include -Wno-reorder-init-list -Wno-implicit-int-float-conversion -Wno-c99-designator -Wno-final-dtor-non-final-class -Wno-extra-semi-stmt -Wno-misleading-indentation -Wno-quoted-include-in-framework-header -Wno-implicit-fallthrough -Wno-enum-enum-conversion -Wno-enum-float-conversion -fdebug-compilation-dir /Users/git/qtwebview/CMakeFiles/CheckOBJC/CMakeFiles/CMakeScratch/TryCompile-EX8zgL -ferror-limit 19 -fmessage-length 0 -stack-protector 1 -fstack-check -mdarwin-stkchk-strong-link -fblocks -fencode-extended-block-signature -fregister-global-dtors-with-atexit -fgnuc-version=4.2.1 -fobjc-runtime=macosx-10.15.0 -fobjc-exceptions -fexceptions -fmax-type-align=16 -fdiagnostics-show-option -o CMakeFiles/cmTC_086a9.dir/CMakeOBJCCompilerABI.m.o -x objective-c /usr/local/Cellar/cmake/3.25.0/share/cmake/Modules/CMakeOBJCCompilerABI.m
clang -cc1 version 12.0.0 (clang-1200.0.32.28) default target x86_64-apple-darwin19.6.0
ignoring nonexistent directory "/Volumes/git/XcodeVersions/Xcode.app/Contents/Developer/Platforms/MacOSX.platform/Developer/SDKs/MacOSX11.1.sdk/usr/local/include"
ignoring nonexistent directory "/Volumes/git/XcodeVersions/Xcode.app/Contents/Developer/Platforms/MacOSX.platform/Developer/SDKs/MacOSX11.1.sdk/Library/Frameworks"
#include "..." search starts here:
#include <...> search starts here:
 /Volumes/git/XcodeVersions/Xcode.app/Contents/Developer/Toolchains/XcodeDefault.xctoolchain/usr/lib/clang/12.0.0/include
 /Volumes/git/XcodeVersions/Xcode.app/Contents/Developer/Platforms/MacOSX.platform/Developer/SDKs/MacOSX11.1.sdk/usr/include
 /Volumes/git/XcodeVersions/Xcode.app/Contents/Developer/Toolchains/XcodeDefault.xctoolchain/usr/include
 /Volumes/git/XcodeVersions/Xcode.app/Contents/Developer/Platforms/MacOSX.platform/Developer/SDKs/MacOSX11.1.sdk/System/Library/Frameworks (framework directory)
End of search list.
Linking OBJC executable cmTC_086a9
/usr/local/Cellar/cmake/3.25.0/bin/cmake -E cmake_link_script CMakeFiles/cmTC_086a9.dir/link.txt --verbose=1
/Volumes/git/XcodeVersions/Xcode.app/Contents/Developer/Toolchains/XcodeDefault.xctoolchain/usr/bin/clang  -isysroot /Volumes/git/XcodeVersions/Xcode.app/Contents/Developer/Platforms/MacOSX.platform/Developer/SDKs/MacOSX11.1.sdk -mmacosx-version-min=10.15 -Wl,-search_paths_first -Wl,-headerpad_max_install_names  -v -Wl,-v CMakeFiles/cmTC_086a9.dir/CMakeOBJCCompilerABI.m.o -o cmTC_086a9 
Apple clang version 12.0.0 (clang-1200.0.32.28)
Target: x86_64-apple-darwin19.6.0
Thread model: posix
InstalledDir: /Volumes/git/XcodeVersions/Xcode.app/Contents/Developer/Toolchains/XcodeDefault.xctoolchain/usr/bin
 "/Volumes/git/XcodeVersions/Xcode.app/Contents/Developer/Toolchains/XcodeDefault.xctoolchain/usr/bin/ld" -demangle -lto_library /Volumes/git/XcodeVersions/Xcode.app/Contents/Developer/Toolchains/XcodeDefault.xctoolchain/usr/lib/libLTO.dylib -dynamic -arch x86_64 -platform_version macos 10.15.0 11.1 -syslibroot /Volumes/git/XcodeVersions/Xcode.app/Contents/Developer/Platforms/MacOSX.platform/Developer/SDKs/MacOSX11.1.sdk -o cmTC_086a9 -search_paths_first -headerpad_max_install_names -v CMakeFiles/cmTC_086a9.dir/CMakeOBJCCompilerABI.m.o -lSystem /Volumes/git/XcodeVersions/Xcode.app/Contents/Developer/Toolchains/XcodeDefault.xctoolchain/usr/lib/clang/12.0.0/lib/darwin/libclang_rt.osx.a
@(#)PROGRAM:ld  PROJECT:ld64-609.8
BUILD 20:09:52 Nov  4 2020
configured to support archs: armv6 armv7 armv7s arm64 arm64e arm64_32 i386 x86_64 x86_64h armv6m armv7k armv7m armv7em
Library search paths:
	/Volumes/git/XcodeVersions/Xcode.app/Contents/Developer/Platforms/MacOSX.platform/Developer/SDKs/MacOSX11.1.sdk/usr/lib
Framework search paths:
	/Volumes/git/XcodeVersions/Xcode.app/Contents/Developer/Platforms/MacOSX.platform/Developer/SDKs/MacOSX11.1.sdk/System/Library/Frameworks/



Parsed OBJC implicit include dir info from above output: rv=done
  found start of include info
  found start of implicit include info
    add: [/Volumes/git/XcodeVersions/Xcode.app/Contents/Developer/Toolchains/XcodeDefault.xctoolchain/usr/lib/clang/12.0.0/include]
    add: [/Volumes/git/XcodeVersions/Xcode.app/Contents/Developer/Platforms/MacOSX.platform/Developer/SDKs/MacOSX11.1.sdk/usr/include]
    add: [/Volumes/git/XcodeVersions/Xcode.app/Contents/Developer/Toolchains/XcodeDefault.xctoolchain/usr/include]
  end of search list found
  collapse include dir [/Volumes/git/XcodeVersions/Xcode.app/Contents/Developer/Toolchains/XcodeDefault.xctoolchain/usr/lib/clang/12.0.0/include] ==> [/Volumes/git/XcodeVersions/Xcode.app/Contents/Developer/Toolchains/XcodeDefault.xctoolchain/usr/lib/clang/12.0.0/include]
  collapse include dir [/Volumes/git/XcodeVersions/Xcode.app/Contents/Developer/Platforms/MacOSX.platform/Developer/SDKs/MacOSX11.1.sdk/usr/include] ==> [/Volumes/git/XcodeVersions/Xcode.app/Contents/Developer/Platforms/MacOSX.platform/Developer/SDKs/MacOSX11.1.sdk/usr/include]
  collapse include dir [/Volumes/git/XcodeVersions/Xcode.app/Contents/Developer/Toolchains/XcodeDefault.xctoolchain/usr/include] ==> [/Volumes/git/XcodeVersions/Xcode.app/Contents/Developer/Toolchains/XcodeDefault.xctoolchain/usr/include]
  implicit include dirs: [/Volumes/git/XcodeVersions/Xcode.app/Contents/Developer/Toolchains/XcodeDefault.xctoolchain/usr/lib/clang/12.0.0/include;/Volumes/git/XcodeVersions/Xcode.app/Contents/Developer/Platforms/MacOSX.platform/Developer/SDKs/MacOSX11.1.sdk/usr/include;/Volumes/git/XcodeVersions/Xcode.app/Contents/Developer/Toolchains/XcodeDefault.xctoolchain/usr/include]


Parsed OBJC implicit link information from above output:
  link line regex: [^( *|.*[/\])(ld|CMAKE_LINK_STARTFILE-NOTFOUND|([^/\]+-)?ld|collect2)[^/\]*( |$)]
  ignore line: [Change Dir: /Users/git/qtwebview/CMakeFiles/CheckOBJC/CMakeFiles/CMakeScratch/TryCompile-EX8zgL]
  ignore line: []
  ignore line: [Run Build Command(s):/usr/bin/make -f Makefile cmTC_086a9/fast && /Volumes/git/XcodeVersions/Xcode.app/Contents/Developer/usr/bin/make  -f CMakeFiles/cmTC_086a9.dir/build.make CMakeFiles/cmTC_086a9.dir/build]
  ignore line: [Building OBJC object CMakeFiles/cmTC_086a9.dir/CMakeOBJCCompilerABI.m.o]
  ignore line: [/Volumes/git/XcodeVersions/Xcode.app/Contents/Developer/Toolchains/XcodeDefault.xctoolchain/usr/bin/clang   -x objective-c -isysroot /Volumes/git/XcodeVersions/Xcode.app/Contents/Developer/Platforms/MacOSX.platform/Developer/SDKs/MacOSX11.1.sdk -mmacosx-version-min=10.15   -v -Wl -v -MD -MT CMakeFiles/cmTC_086a9.dir/CMakeOBJCCompilerABI.m.o -MF CMakeFiles/cmTC_086a9.dir/CMakeOBJCCompilerABI.m.o.d -o CMakeFiles/cmTC_086a9.dir/CMakeOBJCCompilerABI.m.o -c /usr/local/Cellar/cmake/3.25.0/share/cmake/Modules/CMakeOBJCCompilerABI.m]
  ignore line: [Apple clang version 12.0.0 (clang-1200.0.32.28)]
  ignore line: [Target: x86_64-apple-darwin19.6.0]
  ignore line: [Thread model: posix]
  ignore line: [InstalledDir: /Volumes/git/XcodeVersions/Xcode.app/Contents/Developer/Toolchains/XcodeDefault.xctoolchain/usr/bin]
  ignore line: [clang: warning: -Wl -v: 'linker' input unused [-Wunused-command-line-argument]]
  ignore line: [ "/Volumes/git/XcodeVersions/Xcode.app/Contents/Developer/Toolchains/XcodeDefault.xctoolchain/usr/bin/clang" -cc1 -triple x86_64-apple-macosx10.15.0 -Wdeprecated-objc-isa-usage -Werror=deprecated-objc-isa-usage -Werror=implicit-function-declaration -emit-obj -mrelax-all -disable-free -disable-llvm-verifier -discard-value-names -main-file-name CMakeOBJCCompilerABI.m -mrelocation-model pic -pic-level 2 -mthread-model posix -mframe-pointer=all -fno-strict-return -masm-verbose -munwind-tables -target-sdk-version=11.1 -target-cpu penryn -dwarf-column-info -debugger-tuning=lldb -target-linker-version 609.8 -v -resource-dir /Volumes/git/XcodeVersions/Xcode.app/Contents/Developer/Toolchains/XcodeDefault.xctoolchain/usr/lib/clang/12.0.0 -dependency-file CMakeFiles/cmTC_086a9.dir/CMakeOBJCCompilerABI.m.o.d -skip-unused-modulemap-deps -MT CMakeFiles/cmTC_086a9.dir/CMakeOBJCCompilerABI.m.o -sys-header-deps -isysroot /Volumes/git/XcodeVersions/Xcode.app/Contents/Developer/Platforms/MacOSX.platform/Developer/SDKs/MacOSX11.1.sdk -internal-isystem /Volumes/git/XcodeVersions/Xcode.app/Contents/Developer/Platforms/MacOSX.platform/Developer/SDKs/MacOSX11.1.sdk/usr/local/include -internal-isystem /Volumes/git/XcodeVersions/Xcode.app/Contents/Developer/Toolchains/XcodeDefault.xctoolchain/usr/lib/clang/12.0.0/include -internal-externc-isystem /Volumes/git/XcodeVersions/Xcode.app/Contents/Developer/Platforms/MacOSX.platform/Developer/SDKs/MacOSX11.1.sdk/usr/include -internal-externc-isystem /Volumes/git/XcodeVersions/Xcode.app/Contents/Developer/Toolchains/XcodeDefault.xctoolchain/usr/include -Wno-reorder-init-list -Wno-implicit-int-float-conversion -Wno-c99-designator -Wno-final-dtor-non-final-class -Wno-extra-semi-stmt -Wno-misleading-indentation -Wno-quoted-include-in-framework-header -Wno-implicit-fallthrough -Wno-enum-enum-conversion -Wno-enum-float-conversion -fdebug-compilation-dir /Users/git/qtwebview/CMakeFiles/CheckOBJC/CMakeFiles/CMakeScratch/TryCompile-EX8zgL -ferror-limit 19 -fmessage-length 0 -stack-protector 1 -fstack-check -mdarwin-stkchk-strong-link -fblocks -fencode-extended-block-signature -fregister-global-dtors-with-atexit -fgnuc-version=4.2.1 -fobjc-runtime=macosx-10.15.0 -fobjc-exceptions -fexceptions -fmax-type-align=16 -fdiagnostics-show-option -o CMakeFiles/cmTC_086a9.dir/CMakeOBJCCompilerABI.m.o -x objective-c /usr/local/Cellar/cmake/3.25.0/share/cmake/Modules/CMakeOBJCCompilerABI.m]
  ignore line: [clang -cc1 version 12.0.0 (clang-1200.0.32.28) default target x86_64-apple-darwin19.6.0]
  ignore line: [ignoring nonexistent directory "/Volumes/git/XcodeVersions/Xcode.app/Contents/Developer/Platforms/MacOSX.platform/Developer/SDKs/MacOSX11.1.sdk/usr/local/include"]
  ignore line: [ignoring nonexistent directory "/Volumes/git/XcodeVersions/Xcode.app/Contents/Developer/Platforms/MacOSX.platform/Developer/SDKs/MacOSX11.1.sdk/Library/Frameworks"]
  ignore line: [#include "..." search starts here:]
  ignore line: [#include <...> search starts here:]
  ignore line: [ /Volumes/git/XcodeVersions/Xcode.app/Contents/Developer/Toolchains/XcodeDefault.xctoolchain/usr/lib/clang/12.0.0/include]
  ignore line: [ /Volumes/git/XcodeVersions/Xcode.app/Contents/Developer/Platforms/MacOSX.platform/Developer/SDKs/MacOSX11.1.sdk/usr/include]
  ignore line: [ /Volumes/git/XcodeVersions/Xcode.app/Contents/Developer/Toolchains/XcodeDefault.xctoolchain/usr/include]
  ignore line: [ /Volumes/git/XcodeVersions/Xcode.app/Contents/Developer/Platforms/MacOSX.platform/Developer/SDKs/MacOSX11.1.sdk/System/Library/Frameworks (framework directory)]
  ignore line: [End of search list.]
  ignore line: [Linking OBJC executable cmTC_086a9]
  ignore line: [/usr/local/Cellar/cmake/3.25.0/bin/cmake -E cmake_link_script CMakeFiles/cmTC_086a9.dir/link.txt --verbose=1]
  ignore line: [/Volumes/git/XcodeVersions/Xcode.app/Contents/Developer/Toolchains/XcodeDefault.xctoolchain/usr/bin/clang  -isysroot /Volumes/git/XcodeVersions/Xcode.app/Contents/Developer/Platforms/MacOSX.platform/Developer/SDKs/MacOSX11.1.sdk -mmacosx-version-min=10.15 -Wl -search_paths_first -Wl -headerpad_max_install_names  -v -Wl -v CMakeFiles/cmTC_086a9.dir/CMakeOBJCCompilerABI.m.o -o cmTC_086a9 ]
  ignore line: [Apple clang version 12.0.0 (clang-1200.0.32.28)]
  ignore line: [Target: x86_64-apple-darwin19.6.0]
  ignore line: [Thread model: posix]
  ignore line: [InstalledDir: /Volumes/git/XcodeVersions/Xcode.app/Contents/Developer/Toolchains/XcodeDefault.xctoolchain/usr/bin]
  link line: [ "/Volumes/git/XcodeVersions/Xcode.app/Contents/Developer/Toolchains/XcodeDefault.xctoolchain/usr/bin/ld" -demangle -lto_library /Volumes/git/XcodeVersions/Xcode.app/Contents/Developer/Toolchains/XcodeDefault.xctoolchain/usr/lib/libLTO.dylib -dynamic -arch x86_64 -platform_version macos 10.15.0 11.1 -syslibroot /Volumes/git/XcodeVersions/Xcode.app/Contents/Developer/Platforms/MacOSX.platform/Developer/SDKs/MacOSX11.1.sdk -o cmTC_086a9 -search_paths_first -headerpad_max_install_names -v CMakeFiles/cmTC_086a9.dir/CMakeOBJCCompilerABI.m.o -lSystem /Volumes/git/XcodeVersions/Xcode.app/Contents/Developer/Toolchains/XcodeDefault.xctoolchain/usr/lib/clang/12.0.0/lib/darwin/libclang_rt.osx.a]
    arg [/Volumes/git/XcodeVersions/Xcode.app/Contents/Developer/Toolchains/XcodeDefault.xctoolchain/usr/bin/ld] ==> ignore
    arg [-demangle] ==> ignore
    arg [-lto_library] ==> ignore, skip following value
    arg [/Volumes/git/XcodeVersions/Xcode.app/Contents/Developer/Toolchains/XcodeDefault.xctoolchain/usr/lib/libLTO.dylib] ==> skip value of -lto_library
    arg [-dynamic] ==> ignore
    arg [-arch] ==> ignore
    arg [x86_64] ==> ignore
    arg [-platform_version] ==> ignore
    arg [macos] ==> ignore
    arg [10.15.0] ==> ignore
    arg [11.1] ==> ignore
    arg [-syslibroot] ==> ignore
    arg [/Volumes/git/XcodeVersions/Xcode.app/Contents/Developer/Platforms/MacOSX.platform/Developer/SDKs/MacOSX11.1.sdk] ==> ignore
    arg [-o] ==> ignore
    arg [cmTC_086a9] ==> ignore
    arg [-search_paths_first] ==> ignore
    arg [-headerpad_max_install_names] ==> ignore
    arg [-v] ==> ignore
    arg [CMakeFiles/cmTC_086a9.dir/CMakeOBJCCompilerABI.m.o] ==> ignore
    arg [-lSystem] ==> lib [System]
    arg [/Volumes/git/XcodeVersions/Xcode.app/Contents/Developer/Toolchains/XcodeDefault.xctoolchain/usr/lib/clang/12.0.0/lib/darwin/libclang_rt.osx.a] ==> lib [/Volumes/git/XcodeVersions/Xcode.app/Contents/Developer/Toolchains/XcodeDefault.xctoolchain/usr/lib/clang/12.0.0/lib/darwin/libclang_rt.osx.a]
  Library search paths: [;/Volumes/git/XcodeVersions/Xcode.app/Contents/Developer/Platforms/MacOSX.platform/Developer/SDKs/MacOSX11.1.sdk/usr/lib]
  Framework search paths: [;/Volumes/git/XcodeVersions/Xcode.app/Contents/Developer/Platforms/MacOSX.platform/Developer/SDKs/MacOSX11.1.sdk/System/Library/Frameworks/]
  remove lib [System]
  remove lib [/Volumes/git/XcodeVersions/Xcode.app/Contents/Developer/Toolchains/XcodeDefault.xctoolchain/usr/lib/clang/12.0.0/lib/darwin/libclang_rt.osx.a]
  collapse library dir [/Volumes/git/XcodeVersions/Xcode.app/Contents/Developer/Platforms/MacOSX.platform/Developer/SDKs/MacOSX11.1.sdk/usr/lib] ==> [/Volumes/git/XcodeVersions/Xcode.app/Contents/Developer/Platforms/MacOSX.platform/Developer/SDKs/MacOSX11.1.sdk/usr/lib]
  collapse framework dir [/Volumes/git/XcodeVersions/Xcode.app/Contents/Developer/Platforms/MacOSX.platform/Developer/SDKs/MacOSX11.1.sdk/System/Library/Frameworks/] ==> [/Volumes/git/XcodeVersions/Xcode.app/Contents/Developer/Platforms/MacOSX.platform/Developer/SDKs/MacOSX11.1.sdk/System/Library/Frameworks]
  implicit libs: []
  implicit objs: []
  implicit dirs: [/Volumes/git/XcodeVersions/Xcode.app/Contents/Developer/Platforms/MacOSX.platform/Developer/SDKs/MacOSX11.1.sdk/usr/lib]
  implicit fwks: [/Volumes/git/XcodeVersions/Xcode.app/Contents/Developer/Platforms/MacOSX.platform/Developer/SDKs/MacOSX11.1.sdk/System/Library/Frameworks]


